#
# There is insufficient memory for the Java Runtime Environment to continue.
# Native memory allocation (malloc) failed to allocate 640176 bytes. Error detail: Chunk::new
# Possible reasons:
#   The system is out of physical RAM or swap space
#   This process is running with CompressedOops enabled, and the Java Heap may be blocking the growth of the native heap
# Possible solutions:
#   Reduce memory load on the system
#   Increase physical memory or swap space
#   Check if swap backing store is full
#   Decrease Java heap size (-Xmx/-Xms)
#   Decrease number of Java threads
#   Decrease Java thread stack sizes (-Xss)
#   Set larger code cache with -XX:ReservedCodeCacheSize=
#   JVM is running with Unscaled Compressed Oops mode in which the Java heap is
#     placed in the first 4GB address space. The Java Heap base address is the
#     maximum limit for the native heap growth. Please use -XX:HeapBaseMinAddress
#     to set the Java Heap base and to place the Java Heap above 4GB virtual address.
# This output file may be truncated or incomplete.
#
#  Out of Memory Error (arena.cpp:191), pid=15932, tid=25368
#
# JRE version: OpenJDK Runtime Environment Temurin-17.0.13+11 (17.0.13+11) (build 17.0.13+11)
# Java VM: OpenJDK 64-Bit Server VM Temurin-17.0.13+11 (17.0.13+11, mixed mode, tiered, compressed oops, compressed class ptrs, parallel gc, windows-amd64)
# No core dump will be written. Minidumps are not enabled by default on client versions of Windows
#

---------------  S U M M A R Y ------------

Command Line: --add-modules=ALL-SYSTEM --add-opens=java.base/java.util=ALL-UNNAMED --add-opens=java.base/java.lang=ALL-UNNAMED --add-opens=java.base/sun.nio.fs=ALL-UNNAMED -Declipse.application=org.eclipse.jdt.ls.core.id1 -Dosgi.bundles.defaultStartLevel=4 -Declipse.product=org.eclipse.jdt.ls.core.product -Djava.import.generatesMetadataFilesAtProjectRoot=false -DDetectVMInstallationsJob.disabled=true -Dfile.encoding=utf8 -XX:+UseParallelGC -XX:GCTimeRatio=4 -XX:AdaptiveSizePolicyWeight=90 -Dsun.zip.disableMemoryMapping=true -Xmx1G -Xms100m -Xlog:disable -javaagent:c:\Users\Acer\.vscode\extensions\redhat.java-1.37.0-win32-x64\lombok\lombok-1.18.34.jar c:\Users\Acer\.vscode\extensions\redhat.java-1.37.0-win32-x64\server\plugins\org.eclipse.equinox.launcher_1.6.900.v20240613-2009.jar -configuration c:\Users\Acer\AppData\Roaming\Code\User\globalStorage\redhat.java\1.37.0\config_ss_win -data c:\Users\Acer\AppData\Roaming\Code\User\workspaceStorage\49a855c007598a58ee8d8cea895b3f7a\redhat.java\ss_ws --pipe=\\.\pipe\lsp-5a8edf4e5554a9ebb8541cf522ab3a24-sock

Host: 11th Gen Intel(R) Core(TM) i3-1115G4 @ 3.00GHz, 4 cores, 3G,  Windows 11 , 64 bit Build 22621 (10.0.22621.4391)
Time: Thu Dec 19 15:09:29 2024 India Standard Time elapsed time: 5.538732 seconds (0d 0h 0m 5s)

---------------  T H R E A D  ---------------

Current thread (0x00000155e5debe20):  JavaThread "C2 CompilerThread0" daemon [_thread_in_native, id=25368, stack(0x0000005065600000,0x0000005065700000)]


Current CompileTask:
C2:   5538  798   !   4       java.util.jar.Attributes::read (498 bytes)

Stack: [0x0000005065600000,0x0000005065700000]
Native frames: (J=compiled Java code, j=interpreted, Vv=VM code, C=native code)
V  [jvm.dll+0x682a19]
V  [jvm.dll+0x839538]
V  [jvm.dll+0x83afe3]
V  [jvm.dll+0x83b653]
V  [jvm.dll+0x24704f]
V  [jvm.dll+0xace34]
V  [jvm.dll+0xad4cc]
V  [jvm.dll+0x36592f]
V  [jvm.dll+0x1ba989]
V  [jvm.dll+0x2181a7]
V  [jvm.dll+0x21748f]
V  [jvm.dll+0x1a3070]
V  [jvm.dll+0x22788c]
V  [jvm.dll+0x2259eb]
V  [jvm.dll+0x7eec98]
V  [jvm.dll+0x7e8ffc]
V  [jvm.dll+0x6818f7]
C  [ucrtbase.dll+0x29333]
C  [KERNEL32.DLL+0x1259d]
C  [ntdll.dll+0x5af38]


---------------  P R O C E S S  ---------------

Threads class SMR info:
_java_thread_list=0x00000155e617d570, length=12, elements={
0x00000155cce04670, 0x00000155e0c3b020, 0x00000155e0c3c550, 0x00000155e0c71340,
0x00000155e5de8070, 0x00000155e5dea950, 0x00000155e5deb220, 0x00000155e5debe20,
0x00000155e0c7d500, 0x00000155e0c7e1c0, 0x00000155e5ee9040, 0x00000155e60b78d0
}

Java Threads: ( => current thread )
  0x00000155cce04670 JavaThread "main" [_thread_in_native, id=6520, stack(0x0000005064d00000,0x0000005064e00000)]
  0x00000155e0c3b020 JavaThread "Reference Handler" daemon [_thread_blocked, id=21144, stack(0x0000005065000000,0x0000005065100000)]
  0x00000155e0c3c550 JavaThread "Finalizer" daemon [_thread_blocked, id=18128, stack(0x0000005065100000,0x0000005065200000)]
  0x00000155e0c71340 JavaThread "Signal Dispatcher" daemon [_thread_blocked, id=14932, stack(0x0000005065200000,0x0000005065300000)]
  0x00000155e5de8070 JavaThread "Attach Listener" daemon [_thread_blocked, id=2380, stack(0x0000005065300000,0x0000005065400000)]
  0x00000155e5dea950 JavaThread "Service Thread" daemon [_thread_blocked, id=25092, stack(0x0000005065400000,0x0000005065500000)]
  0x00000155e5deb220 JavaThread "Monitor Deflation Thread" daemon [_thread_blocked, id=9000, stack(0x0000005065500000,0x0000005065600000)]
=>0x00000155e5debe20 JavaThread "C2 CompilerThread0" daemon [_thread_in_native, id=25368, stack(0x0000005065600000,0x0000005065700000)]
  0x00000155e0c7d500 JavaThread "C1 CompilerThread0" daemon [_thread_blocked, id=9416, stack(0x0000005065700000,0x0000005065800000)]
  0x00000155e0c7e1c0 JavaThread "Sweeper thread" daemon [_thread_blocked, id=8832, stack(0x0000005065800000,0x0000005065900000)]
  0x00000155e5ee9040 JavaThread "Common-Cleaner" daemon [_thread_blocked, id=22344, stack(0x0000005065900000,0x0000005065a00000)]
  0x00000155e60b78d0 JavaThread "Notification Thread" daemon [_thread_blocked, id=20892, stack(0x0000005065a00000,0x0000005065b00000)]

Other Threads:
  0x00000155e0c23830 VMThread "VM Thread" [stack: 0x0000005064f00000,0x0000005065000000] [id=20152]
  0x00000155e60eda30 WatcherThread [stack: 0x0000005065b00000,0x0000005065c00000] [id=9916]
  0x00000155cce181d0 GCTaskThread "GC Thread#0" [stack: 0x0000005064e00000,0x0000005064f00000] [id=22588]

Threads with active compile tasks:
C2 CompilerThread0     5562  798   !   4       java.util.jar.Attributes::read (498 bytes)

VM state: not at safepoint (normal execution)

VM Mutex/Monitor currently owned by a thread: None

Heap address: 0x00000000c0000000, size: 1024 MB, Compressed Oops mode: 32-bit

CDS archive(s) not mapped
Compressed class space mapped at: 0x0000000100000000-0x0000000140000000, reserved size: 1073741824
Narrow klass base: 0x0000000000000000, Narrow klass shift: 3, Narrow klass range: 0x140000000

GC Precious Log:
 CPUs: 4 total, 4 available
 Memory: 3875M
 Large Page Support: Disabled
 NUMA Support: Disabled
 Compressed Oops: Enabled (32-bit)
 Alignments: Space 512K, Generation 512K, Heap 2M
 Heap Min Capacity: 100M
 Heap Initial Capacity: 100M
 Heap Max Capacity: 1G
 Pre-touch: Disabled
 Parallel Workers: 4

Heap:
 PSYoungGen      total 29696K, used 22709K [0x00000000eab00000, 0x00000000ecc00000, 0x0000000100000000)
  eden space 25600K, 88% used [0x00000000eab00000,0x00000000ec12d5a8,0x00000000ec400000)
  from space 4096K, 0% used [0x00000000ec800000,0x00000000ec800000,0x00000000ecc00000)
  to   space 4096K, 0% used [0x00000000ec400000,0x00000000ec400000,0x00000000ec800000)
 ParOldGen       total 68608K, used 0K [0x00000000c0000000, 0x00000000c4300000, 0x00000000eab00000)
  object space 68608K, 0% used [0x00000000c0000000,0x00000000c0000000,0x00000000c4300000)
 Metaspace       used 10236K, committed 10432K, reserved 1114112K
  class space    used 1020K, committed 1088K, reserved 1048576K

Card table byte_map: [0x00000155cc7b0000,0x00000155cc9c0000] _byte_map_base: 0x00000155cc1b0000

Marking Bits: (ParMarkBitMap*) 0x00007ffd70b26940
 Begin Bits: [0x00000155dea80000, 0x00000155dfa80000)
 End Bits:   [0x00000155dfa80000, 0x00000155e0a80000)

Polling page: 0x00000155cc5a0000

Metaspace:

Usage:
  Non-class:      9.00 MB used.
      Class:   1020.07 KB used.
       Both:     10.00 MB used.

Virtual space:
  Non-class space:       64.00 MB reserved,       9.12 MB ( 14%) committed,  1 nodes.
      Class space:        1.00 GB reserved,       1.06 MB ( <1%) committed,  1 nodes.
             Both:        1.06 GB reserved,      10.19 MB ( <1%) committed. 

Chunk freelists:
   Non-Class:  6.61 MB
       Class:  14.98 MB
        Both:  21.59 MB

MaxMetaspaceSize: unlimited
CompressedClassSpaceSize: 1.00 GB
Initial GC threshold: 21.00 MB
Current GC threshold: 21.00 MB
CDS: off
MetaspaceReclaimPolicy: balanced
 - commit_granule_bytes: 65536.
 - commit_granule_words: 8192.
 - virtual_space_node_default_size: 8388608.
 - enlarge_chunks_in_place: 1.
 - new_chunks_are_fully_committed: 0.
 - uncommit_free_chunks: 1.
 - use_allocation_guard: 0.
 - handle_deallocations: 1.


Internal statistics:

num_allocs_failed_limit: 0.
num_arena_births: 16.
num_arena_deaths: 0.
num_vsnodes_births: 2.
num_vsnodes_deaths: 0.
num_space_committed: 163.
num_space_uncommitted: 0.
num_chunks_returned_to_freelist: 0.
num_chunks_taken_from_freelist: 70.
num_chunk_merges: 0.
num_chunk_splits: 46.
num_chunks_enlarged: 40.
num_inconsistent_stats: 0.

CodeHeap 'non-profiled nmethods': size=120000Kb used=331Kb max_used=331Kb free=119668Kb
 bounds [0x00000155d7550000, 0x00000155d77c0000, 0x00000155dea80000]
CodeHeap 'profiled nmethods': size=120000Kb used=1344Kb max_used=1344Kb free=118655Kb
 bounds [0x00000155cfa80000, 0x00000155cfcf0000, 0x00000155d6fb0000]
CodeHeap 'non-nmethods': size=5760Kb used=1150Kb max_used=1163Kb free=4609Kb
 bounds [0x00000155d6fb0000, 0x00000155d7220000, 0x00000155d7550000]
 total_blobs=1261 nmethods=832 adapters=344
 compilation: enabled
              stopped_count=0, restarted_count=0
 full_count=0

Compilation events (20 events):
Event: 5.419 Thread 0x00000155e0c7d500  830       3       java.util.regex.Pattern$SliceI::match (96 bytes)
Event: 5.420 Thread 0x00000155e0c7d500 nmethod 830 0x00000155cfbcc290 code [0x00000155cfbcc480, 0x00000155cfbcca98]
Event: 5.420 Thread 0x00000155e0c7d500  831       3       java.lang.String::toLowerCase (8 bytes)
Event: 5.420 Thread 0x00000155e0c7d500 nmethod 831 0x00000155cfbccc90 code [0x00000155cfbcce60, 0x00000155cfbcd1f8]
Event: 5.420 Thread 0x00000155e0c7d500  832       3       java.util.Locale::getDefault (4 bytes)
Event: 5.420 Thread 0x00000155e0c7d500 nmethod 832 0x00000155cfbcd310 code [0x00000155cfbcd4a0, 0x00000155cfbcd598]
Event: 5.421 Thread 0x00000155e0c7d500  833       3       java.util.ArrayList::<init> (61 bytes)
Event: 5.421 Thread 0x00000155e0c7d500 nmethod 833 0x00000155cfbcd610 code [0x00000155cfbcd860, 0x00000155cfbce118]
Event: 5.421 Thread 0x00000155e0c7d500  834       3       org.eclipse.osgi.internal.util.Tokenizer::skipWhiteSpace (58 bytes)
Event: 5.421 Thread 0x00000155e0c7d500 nmethod 834 0x00000155cfbce410 code [0x00000155cfbce5c0, 0x00000155cfbce898]
Event: 5.422 Thread 0x00000155e0c7d500  835       3       java.util.AbstractCollection::addAll (42 bytes)
Event: 5.422 Thread 0x00000155e0c7d500 nmethod 835 0x00000155cfbce990 code [0x00000155cfbceb80, 0x00000155cfbcf098]
Event: 5.422 Thread 0x00000155e0c7d500  836       1       java.nio.Buffer::position (5 bytes)
Event: 5.422 Thread 0x00000155e0c7d500 nmethod 836 0x00000155d75a2810 code [0x00000155d75a29a0, 0x00000155d75a2a78]
Event: 5.422 Thread 0x00000155e0c7d500  837       3       java.lang.StringLatin1::inflate (34 bytes)
Event: 5.422 Thread 0x00000155e0c7d500 nmethod 837 0x00000155cfbcf210 code [0x00000155cfbcf3c0, 0x00000155cfbcf5b8]
Event: 5.424 Thread 0x00000155e0c7d500  838       1       java.security.CodeSource::getLocationNoFragString (5 bytes)
Event: 5.424 Thread 0x00000155e0c7d500 nmethod 838 0x00000155d75a2b10 code [0x00000155d75a2ca0, 0x00000155d75a2d78]
Event: 5.436 Thread 0x00000155e0c7d500  839       3       java.util.ArrayDeque::elementAt (4 bytes)
Event: 5.436 Thread 0x00000155e0c7d500 nmethod 839 0x00000155cfbcf710 code [0x00000155cfbcf8a0, 0x00000155cfbcf9b8]

GC Heap History (0 events):
No events

Dll operation events (8 events):
Event: 0.025 Loaded shared library c:\Users\Acer\.vscode\extensions\redhat.java-1.37.0-win32-x64\jre\17.0.13-win32-x86_64\bin\java.dll
Event: 3.905 Loaded shared library c:\Users\Acer\.vscode\extensions\redhat.java-1.37.0-win32-x64\jre\17.0.13-win32-x86_64\bin\zip.dll
Event: 3.976 Loaded shared library C:\Users\Acer\.vscode\extensions\redhat.java-1.37.0-win32-x64\jre\17.0.13-win32-x86_64\bin\instrument.dll
Event: 4.012 Loaded shared library C:\Users\Acer\.vscode\extensions\redhat.java-1.37.0-win32-x64\jre\17.0.13-win32-x86_64\bin\net.dll
Event: 4.017 Loaded shared library C:\Users\Acer\.vscode\extensions\redhat.java-1.37.0-win32-x64\jre\17.0.13-win32-x86_64\bin\nio.dll
Event: 4.104 Loaded shared library C:\Users\Acer\.vscode\extensions\redhat.java-1.37.0-win32-x64\jre\17.0.13-win32-x86_64\bin\zip.dll
Event: 4.141 Loaded shared library C:\Users\Acer\.vscode\extensions\redhat.java-1.37.0-win32-x64\jre\17.0.13-win32-x86_64\bin\jimage.dll
Event: 4.416 Loaded shared library c:\Users\Acer\.vscode\extensions\redhat.java-1.37.0-win32-x64\jre\17.0.13-win32-x86_64\bin\verify.dll

Deoptimization events (20 events):
Event: 5.375 Thread 0x00000155cce04670 DEOPT PACKING pc=0x00000155cfb92844 sp=0x0000005064dfd5d0
Event: 5.375 Thread 0x00000155cce04670 DEOPT UNPACKING pc=0x00000155d700a9e3 sp=0x0000005064dfca40 mode 0
Event: 5.375 Thread 0x00000155cce04670 DEOPT PACKING pc=0x00000155cfb92844 sp=0x0000005064dfd5d0
Event: 5.375 Thread 0x00000155cce04670 DEOPT UNPACKING pc=0x00000155d700a9e3 sp=0x0000005064dfca40 mode 0
Event: 5.376 Thread 0x00000155cce04670 DEOPT PACKING pc=0x00000155cfb92844 sp=0x0000005064dfd5d0
Event: 5.376 Thread 0x00000155cce04670 DEOPT UNPACKING pc=0x00000155d700a9e3 sp=0x0000005064dfca40 mode 0
Event: 5.396 Thread 0x00000155cce04670 DEOPT PACKING pc=0x00000155cfb92844 sp=0x0000005064dfd5d0
Event: 5.396 Thread 0x00000155cce04670 DEOPT UNPACKING pc=0x00000155d700a9e3 sp=0x0000005064dfca40 mode 0
Event: 5.397 Thread 0x00000155cce04670 DEOPT PACKING pc=0x00000155cfb92844 sp=0x0000005064dfd5d0
Event: 5.397 Thread 0x00000155cce04670 DEOPT UNPACKING pc=0x00000155d700a9e3 sp=0x0000005064dfca40 mode 0
Event: 5.397 Thread 0x00000155cce04670 DEOPT PACKING pc=0x00000155cfb92844 sp=0x0000005064dfd5d0
Event: 5.397 Thread 0x00000155cce04670 DEOPT UNPACKING pc=0x00000155d700a9e3 sp=0x0000005064dfca40 mode 0
Event: 5.403 Thread 0x00000155cce04670 Uncommon trap: trap_request=0xffffffc6 fr.pc=0x00000155d759c254 relative=0x0000000000000294
Event: 5.403 Thread 0x00000155cce04670 Uncommon trap: reason=bimorphic_or_optimized_type_check action=maybe_recompile pc=0x00000155d759c254 method=java.util.HashMap.getNode(Ljava/lang/Object;)Ljava/util/HashMap$Node; @ 128 c2
Event: 5.403 Thread 0x00000155cce04670 DEOPT PACKING pc=0x00000155d759c254 sp=0x0000005064dfd120
Event: 5.403 Thread 0x00000155cce04670 DEOPT UNPACKING pc=0x00000155d7009ea3 sp=0x0000005064dfd0a8 mode 2
Event: 5.406 Thread 0x00000155cce04670 Uncommon trap: trap_request=0xffffffc6 fr.pc=0x00000155d759c254 relative=0x0000000000000294
Event: 5.406 Thread 0x00000155cce04670 Uncommon trap: reason=bimorphic_or_optimized_type_check action=maybe_recompile pc=0x00000155d759c254 method=java.util.HashMap.getNode(Ljava/lang/Object;)Ljava/util/HashMap$Node; @ 128 c2
Event: 5.406 Thread 0x00000155cce04670 DEOPT PACKING pc=0x00000155d759c254 sp=0x0000005064dfcdc0
Event: 5.406 Thread 0x00000155cce04670 DEOPT UNPACKING pc=0x00000155d7009ea3 sp=0x0000005064dfcd48 mode 2

Classes loaded (20 events):
Event: 5.418 Loading class java/io/BufferedReader
Event: 5.418 Loading class java/io/BufferedReader done
Event: 5.418 Loading class sun/nio/cs/StreamDecoder
Event: 5.418 Loading class sun/nio/cs/StreamDecoder done
Event: 5.418 Loading class sun/nio/cs/UTF_8$Decoder
Event: 5.419 Loading class sun/nio/cs/UTF_8$Decoder done
Event: 5.419 Loading class java/nio/charset/CoderResult
Event: 5.419 Loading class java/nio/charset/CoderResult done
Event: 5.431 Loading class java/util/Random
Event: 5.432 Loading class java/util/random/RandomGenerator
Event: 5.432 Loading class java/util/random/RandomGenerator done
Event: 5.432 Loading class java/util/Random done
Event: 5.432 Loading class java/util/UUID
Event: 5.433 Loading class java/util/UUID done
Event: 5.433 Loading class java/util/concurrent/atomic/AtomicBoolean
Event: 5.433 Loading class java/util/concurrent/atomic/AtomicBoolean done
Event: 5.433 Loading class java/lang/invoke/VarHandleInts$FieldInstanceReadWrite
Event: 5.433 Loading class java/lang/invoke/VarHandleInts$FieldInstanceReadOnly
Event: 5.434 Loading class java/lang/invoke/VarHandleInts$FieldInstanceReadOnly done
Event: 5.434 Loading class java/lang/invoke/VarHandleInts$FieldInstanceReadWrite done

Classes unloaded (0 events):
No events

Classes redefined (0 events):
No events

Internal exceptions (11 events):
Event: 3.724 Thread 0x00000155cce04670 Exception <a 'java/lang/NoSuchMethodError'{0x00000000eacb4ea0}: 'void java.lang.invoke.DirectMethodHandle$Holder.invokeStatic(java.lang.Object, java.lang.Object, java.lang.Object)'> (0x00000000eacb4ea0) 
thrown [s\src\hotspot\share\interpreter\linkResolver.cpp, line 759]
Event: 4.455 Thread 0x00000155cce04670 Exception <a 'java/lang/reflect/InvocationTargetException'{0x00000000eafe77f0}> (0x00000000eafe77f0) 
thrown [s\src\hotspot\share\runtime\reflection.cpp, line 1128]
Event: 5.119 Thread 0x00000155cce04670 Exception <a 'java/lang/ClassNotFoundException'{0x00000000eb87bcf8}: sun/net/www/protocol/c/Handler> (0x00000000eb87bcf8) 
thrown [s\src\hotspot\share\classfile\systemDictionary.cpp, line 256]
Event: 5.122 Thread 0x00000155cce04670 Exception <a 'java/io/FileNotFoundException'{0x00000000eb8931c0}> (0x00000000eb8931c0) 
thrown [s\src\hotspot\share\prims\jni.cpp, line 516]
Event: 5.122 Thread 0x00000155cce04670 Exception <a 'java/io/FileNotFoundException'{0x00000000eb893ee0}> (0x00000000eb893ee0) 
thrown [s\src\hotspot\share\prims\jni.cpp, line 516]
Event: 5.122 Thread 0x00000155cce04670 Exception <a 'java/io/FileNotFoundException'{0x00000000eb894be0}> (0x00000000eb894be0) 
thrown [s\src\hotspot\share\prims\jni.cpp, line 516]
Event: 5.122 Thread 0x00000155cce04670 Exception <a 'java/io/FileNotFoundException'{0x00000000eb8958b0}> (0x00000000eb8958b0) 
thrown [s\src\hotspot\share\prims\jni.cpp, line 516]
Event: 5.126 Thread 0x00000155cce04670 Implicit null exception at 0x00000155d7577472 to 0x00000155d75779e8
Event: 5.126 Thread 0x00000155cce04670 Implicit null exception at 0x00000155d7578072 to 0x00000155d75785fc
Event: 5.129 Thread 0x00000155cce04670 Exception <a 'java/io/FileNotFoundException'{0x00000000eb8ce6c8}> (0x00000000eb8ce6c8) 
thrown [s\src\hotspot\share\prims\jni.cpp, line 516]
Event: 5.472 Thread 0x00000155cce04670 Exception <a 'java/lang/ClassNotFoundException'{0x00000000ec109798}: sun/net/www/protocol/c/Handler> (0x00000000ec109798) 
thrown [s\src\hotspot\share\classfile\systemDictionary.cpp, line 256]

VM Operations (14 events):
Event: 1.431 Executing VM operation: Cleanup
Event: 1.477 Executing VM operation: Cleanup done
Event: 3.762 Executing VM operation: HandshakeAllThreads
Event: 3.777 Executing VM operation: HandshakeAllThreads done
Event: 3.777 Executing VM operation: Cleanup
Event: 3.777 Executing VM operation: Cleanup done
Event: 4.322 Executing VM operation: HandshakeAllThreads
Event: 4.322 Executing VM operation: HandshakeAllThreads done
Event: 5.070 Executing VM operation: HandshakeAllThreads
Event: 5.070 Executing VM operation: HandshakeAllThreads done
Event: 5.070 Executing VM operation: Cleanup
Event: 5.071 Executing VM operation: Cleanup done
Event: 5.114 Executing VM operation: HandshakeAllThreads
Event: 5.114 Executing VM operation: HandshakeAllThreads done

Memory protections (0 events):
No events

Nmethod flushes (0 events):
No events

Events (12 events):
Event: 0.372 Thread 0x00000155cce04670 Thread added: 0x00000155cce04670
Event: 0.444 Thread 0x00000155cce04670 Thread added: 0x00000155e0c3b020
Event: 0.444 Thread 0x00000155cce04670 Thread added: 0x00000155e0c3c550
Event: 0.768 Thread 0x00000155cce04670 Thread added: 0x00000155e0c71340
Event: 0.768 Thread 0x00000155cce04670 Thread added: 0x00000155e5de8070
Event: 0.768 Thread 0x00000155cce04670 Thread added: 0x00000155e5dea950
Event: 0.768 Thread 0x00000155cce04670 Thread added: 0x00000155e5deb220
Event: 0.771 Thread 0x00000155cce04670 Thread added: 0x00000155e5debe20
Event: 0.839 Thread 0x00000155cce04670 Thread added: 0x00000155e0c7d500
Event: 0.899 Thread 0x00000155cce04670 Thread added: 0x00000155e0c7e1c0
Event: 1.478 Thread 0x00000155cce04670 Thread added: 0x00000155e5ee9040
Event: 4.612 Thread 0x00000155cce04670 Thread added: 0x00000155e60b78d0


Dynamic libraries:
0x00007ff6e49d0000 - 0x00007ff6e49de000 	c:\Users\Acer\.vscode\extensions\redhat.java-1.37.0-win32-x64\jre\17.0.13-win32-x86_64\bin\java.exe
0x00007ffdd1670000 - 0x00007ffdd1887000 	C:\Windows\SYSTEM32\ntdll.dll
0x00007ffdcf5a0000 - 0x00007ffdcf664000 	C:\Windows\System32\KERNEL32.DLL
0x00007ffdceca0000 - 0x00007ffdcf05a000 	C:\Windows\System32\KERNELBASE.dll
0x00007ffdcabf0000 - 0x00007ffdcac87000 	C:\Windows\SYSTEM32\apphelp.dll
0x00007ffdcea60000 - 0x00007ffdceb71000 	C:\Windows\System32\ucrtbase.dll
0x00007ffda3d10000 - 0x00007ffda3d27000 	c:\Users\Acer\.vscode\extensions\redhat.java-1.37.0-win32-x64\jre\17.0.13-win32-x86_64\bin\jli.dll
0x00007ffdd0960000 - 0x00007ffdd0b0e000 	C:\Windows\System32\USER32.dll
0x00007ffdce940000 - 0x00007ffdce966000 	C:\Windows\System32\win32u.dll
0x00007ffdd1580000 - 0x00007ffdd15a9000 	C:\Windows\System32\GDI32.dll
0x00007ffdcf060000 - 0x00007ffdcf17b000 	C:\Windows\System32\gdi32full.dll
0x00007ffdceb80000 - 0x00007ffdcec1a000 	C:\Windows\System32\msvcp_win.dll
0x00007ffd9c710000 - 0x00007ffd9c72e000 	c:\Users\Acer\.vscode\extensions\redhat.java-1.37.0-win32-x64\jre\17.0.13-win32-x86_64\bin\VCRUNTIME140.dll
0x00007ffdb6860000 - 0x00007ffdb6af2000 	C:\Windows\WinSxS\amd64_microsoft.windows.common-controls_6595b64144ccf1df_6.0.22621.4541_none_2710d1c57384c085\COMCTL32.dll
0x00007ffdd0d70000 - 0x00007ffdd0e17000 	C:\Windows\System32\msvcrt.dll
0x00007ffdd0c10000 - 0x00007ffdd0c41000 	C:\Windows\System32\IMM32.DLL
0x00007ffda7f90000 - 0x00007ffda7f9c000 	c:\Users\Acer\.vscode\extensions\redhat.java-1.37.0-win32-x64\jre\17.0.13-win32-x86_64\bin\vcruntime140_1.dll
0x00007ffd78a40000 - 0x00007ffd78acd000 	c:\Users\Acer\.vscode\extensions\redhat.java-1.37.0-win32-x64\jre\17.0.13-win32-x86_64\bin\msvcp140.dll
0x00007ffd6ff80000 - 0x00007ffd70beb000 	c:\Users\Acer\.vscode\extensions\redhat.java-1.37.0-win32-x64\jre\17.0.13-win32-x86_64\bin\server\jvm.dll
0x00007ffdcf4e0000 - 0x00007ffdcf592000 	C:\Windows\System32\ADVAPI32.dll
0x00007ffdd0380000 - 0x00007ffdd0427000 	C:\Windows\System32\sechost.dll
0x00007ffdcea30000 - 0x00007ffdcea58000 	C:\Windows\System32\bcrypt.dll
0x00007ffdd0c50000 - 0x00007ffdd0d64000 	C:\Windows\System32\RPCRT4.dll
0x00007ffdd1370000 - 0x00007ffdd13e1000 	C:\Windows\System32\WS2_32.dll
0x00007ffdce1c0000 - 0x00007ffdce20d000 	C:\Windows\SYSTEM32\POWRPROF.dll
0x00007ffdc5d70000 - 0x00007ffdc5da4000 	C:\Windows\SYSTEM32\WINMM.dll
0x00007ffdcacc0000 - 0x00007ffdcacca000 	C:\Windows\SYSTEM32\VERSION.dll
0x00007ffdce1a0000 - 0x00007ffdce1b3000 	C:\Windows\SYSTEM32\UMPDC.dll
0x00007ffdcd980000 - 0x00007ffdcd998000 	C:\Windows\SYSTEM32\kernel.appcore.dll
0x00007ffda2a00000 - 0x00007ffda2a0a000 	c:\Users\Acer\.vscode\extensions\redhat.java-1.37.0-win32-x64\jre\17.0.13-win32-x86_64\bin\jimage.dll
0x00007ffdcbdd0000 - 0x00007ffdcc002000 	C:\Windows\SYSTEM32\DBGHELP.DLL
0x00007ffdcffe0000 - 0x00007ffdd036f000 	C:\Windows\System32\combase.dll
0x00007ffdcf670000 - 0x00007ffdcf747000 	C:\Windows\System32\OLEAUT32.dll
0x00007ffdb24b0000 - 0x00007ffdb24e2000 	C:\Windows\SYSTEM32\dbgcore.DLL
0x00007ffdcf2f0000 - 0x00007ffdcf36b000 	C:\Windows\System32\bcryptPrimitives.dll
0x00007ffda2870000 - 0x00007ffda287e000 	c:\Users\Acer\.vscode\extensions\redhat.java-1.37.0-win32-x64\jre\17.0.13-win32-x86_64\bin\instrument.dll
0x00007ffd95ba0000 - 0x00007ffd95bc5000 	c:\Users\Acer\.vscode\extensions\redhat.java-1.37.0-win32-x64\jre\17.0.13-win32-x86_64\bin\java.dll
0x00007ffd99520000 - 0x00007ffd99538000 	c:\Users\Acer\.vscode\extensions\redhat.java-1.37.0-win32-x64\jre\17.0.13-win32-x86_64\bin\zip.dll
0x00007ffdcf750000 - 0x00007ffdcffc8000 	C:\Windows\System32\SHELL32.dll
0x00007ffdcc880000 - 0x00007ffdcd188000 	C:\Windows\SYSTEM32\windows.storage.dll
0x00007ffdcc740000 - 0x00007ffdcc87f000 	C:\Windows\SYSTEM32\wintypes.dll
0x00007ffdd0fd0000 - 0x00007ffdd10ca000 	C:\Windows\System32\SHCORE.dll
0x00007ffdd15d0000 - 0x00007ffdd162e000 	C:\Windows\System32\shlwapi.dll
0x00007ffdce870000 - 0x00007ffdce89b000 	C:\Windows\SYSTEM32\profapi.dll
0x00007ffd95b80000 - 0x00007ffd95b99000 	C:\Users\Acer\.vscode\extensions\redhat.java-1.37.0-win32-x64\jre\17.0.13-win32-x86_64\bin\net.dll
0x00007ffdc8b60000 - 0x00007ffdc8c96000 	C:\Windows\SYSTEM32\WINHTTP.dll
0x00007ffdcde70000 - 0x00007ffdcded9000 	C:\Windows\system32\mswsock.dll
0x00007ffd95b60000 - 0x00007ffd95b76000 	C:\Users\Acer\.vscode\extensions\redhat.java-1.37.0-win32-x64\jre\17.0.13-win32-x86_64\bin\nio.dll
0x00007ffda2310000 - 0x00007ffda2320000 	c:\Users\Acer\.vscode\extensions\redhat.java-1.37.0-win32-x64\jre\17.0.13-win32-x86_64\bin\verify.dll

dbghelp: loaded successfully - version: 4.0.5 - missing functions: none
symbol engine: initialized successfully - sym options: 0x614 - pdb path: .;c:\Users\Acer\.vscode\extensions\redhat.java-1.37.0-win32-x64\jre\17.0.13-win32-x86_64\bin;C:\Windows\SYSTEM32;C:\Windows\WinSxS\amd64_microsoft.windows.common-controls_6595b64144ccf1df_6.0.22621.4541_none_2710d1c57384c085;c:\Users\Acer\.vscode\extensions\redhat.java-1.37.0-win32-x64\jre\17.0.13-win32-x86_64\bin\server

VM Arguments:
jvm_args: --add-modules=ALL-SYSTEM --add-opens=java.base/java.util=ALL-UNNAMED --add-opens=java.base/java.lang=ALL-UNNAMED --add-opens=java.base/sun.nio.fs=ALL-UNNAMED -Declipse.application=org.eclipse.jdt.ls.core.id1 -Dosgi.bundles.defaultStartLevel=4 -Declipse.product=org.eclipse.jdt.ls.core.product -Djava.import.generatesMetadataFilesAtProjectRoot=false -DDetectVMInstallationsJob.disabled=true -Dfile.encoding=utf8 -XX:+UseParallelGC -XX:GCTimeRatio=4 -XX:AdaptiveSizePolicyWeight=90 -Dsun.zip.disableMemoryMapping=true -Xmx1G -Xms100m -Xlog:disable -javaagent:c:\Users\Acer\.vscode\extensions\redhat.java-1.37.0-win32-x64\lombok\lombok-1.18.34.jar 
java_command: c:\Users\Acer\.vscode\extensions\redhat.java-1.37.0-win32-x64\server\plugins\org.eclipse.equinox.launcher_1.6.900.v20240613-2009.jar -configuration c:\Users\Acer\AppData\Roaming\Code\User\globalStorage\redhat.java\1.37.0\config_ss_win -data c:\Users\Acer\AppData\Roaming\Code\User\workspaceStorage\49a855c007598a58ee8d8cea895b3f7a\redhat.java\ss_ws --pipe=\\.\pipe\lsp-5a8edf4e5554a9ebb8541cf522ab3a24-sock
java_class_path (initial): c:\Users\Acer\.vscode\extensions\redhat.java-1.37.0-win32-x64\server\plugins\org.eclipse.equinox.launcher_1.6.900.v20240613-2009.jar
Launcher Type: SUN_STANDARD

[Global flags]
    uintx AdaptiveSizePolicyWeight                 = 90                                        {product} {command line}
     intx CICompilerCount                          = 3                                         {product} {ergonomic}
    uintx GCTimeRatio                              = 4                                         {product} {command line}
   size_t InitialHeapSize                          = 104857600                                 {product} {command line}
   size_t MaxHeapSize                              = 1073741824                                {product} {command line}
   size_t MaxNewSize                               = 357564416                                 {product} {ergonomic}
   size_t MinHeapDeltaBytes                        = 524288                                    {product} {ergonomic}
   size_t MinHeapSize                              = 104857600                                 {product} {command line}
   size_t NewSize                                  = 34603008                                  {product} {ergonomic}
    uintx NonNMethodCodeHeapSize                   = 5832780                                {pd product} {ergonomic}
    uintx NonProfiledCodeHeapSize                  = 122912730                              {pd product} {ergonomic}
   size_t OldSize                                  = 70254592                                  {product} {ergonomic}
    uintx ProfiledCodeHeapSize                     = 122912730                              {pd product} {ergonomic}
    uintx ReservedCodeCacheSize                    = 251658240                              {pd product} {ergonomic}
     bool SegmentedCodeCache                       = true                                      {product} {ergonomic}
   size_t SoftMaxHeapSize                          = 1073741824                             {manageable} {ergonomic}
     bool UseCompressedClassPointers               = true                           {product lp64_product} {ergonomic}
     bool UseCompressedOops                        = true                           {product lp64_product} {ergonomic}
     bool UseLargePagesIndividualAllocation        = false                                  {pd product} {ergonomic}
     bool UseParallelGC                            = true                                      {product} {command line}

Logging:
Log output configuration:
 #0: stdout all=off uptime,level,tags
 #1: stderr all=off uptime,level,tags

Environment Variables:
PATH=C:\Program Files\Microsoft MPI\Bin\;C:\Program Files\Eclipse Adoptium\jdk-21.0.5.11-hotspot\bin;C:\Program Files\Common Files\Oracle\Java\javapath;C:\Windows\system32;C:\Windows;C:\Windows\System32\Wbem;C:\Windows\System32\WindowsPowerShell\v1.0\;C:\Windows\System32\OpenSSH\;C:\Users\Acer\Downloads\apache-maven-3.9.9-bin\apache-maven-3.9.9\bin;C:\Program Files (x86)\Microsoft SQL Server\160\Tools\Binn\;C:\Program Files\Microsoft SQL Server\160\Tools\Binn\;C:\Program Files\Microsoft SQL Server\Client SDK\ODBC\170\Tools\Binn\;C:\Program Files\Microsoft SQL Server\160\DTS\Binn\;C:\Program Files (x86)\Microsoft SQL Server\160\DTS\Binn\;C:\Program Files\MySQL\MySQL Server 8.0\bin;C:\Program Files\nodejs\;C:\Program Files\MySQL\MySQL Shell 8.0\bin\;C:\Users\Acer\AppData\Local\Microsoft\WindowsApps;C:\Users\Acer\AppData\Local\Programs\Microsoft VS Code\bin;C:\Users\Acer\AppData\Roaming\npm
USERNAME=Acer
OS=Windows_NT
PROCESSOR_IDENTIFIER=Intel64 Family 6 Model 140 Stepping 1, GenuineIntel
TMP=C:\Users\Acer\AppData\Local\Temp
TEMP=C:\Users\Acer\AppData\Local\Temp



Periodic native trim disabled


---------------  S Y S T E M  ---------------

OS:
 Windows 11 , 64 bit Build 22621 (10.0.22621.4391)
OS uptime: 1 days 15:21 hours

CPU: total 4 (initial active 4) (2 cores per cpu, 2 threads per core) family 6 model 140 stepping 1 microcode 0x8a, cx8, cmov, fxsr, ht, mmx, 3dnowpref, sse, sse2, sse3, ssse3, sse4.1, sse4.2, popcnt, lzcnt, tsc, tscinvbit, avx, avx2, aes, erms, clmul, bmi1, bmi2, adx, avx512f, avx512dq, avx512cd, avx512bw, avx512vl, sha, fma, vzeroupper, avx512_vpopcntdq, avx512_vpclmulqdq, avx512_vaes, avx512_vnni, clflush, clflushopt, clwb, avx512_vbmi2, avx512_vbmi
Processor Information for all 4 processors :
  Max Mhz: 2995, Current Mhz: 2995, Mhz Limit: 2995

Memory: 4k page, system-wide physical 3875M (223M free)
TotalPageFile size 15651M (AvailPageFile size 1M)
current process WorkingSet (physical memory assigned to process): 68M, peak: 69M
current process commit charge ("private bytes"): 184M, peak: 186M

vm_info: OpenJDK 64-Bit Server VM (17.0.13+11) for windows-amd64 JRE (17.0.13+11), built on Oct 16 2024 00:10:08 by "admin" with MS VC++ 17.7 (VS2022)

END.
